/*C1*/SET SCHEMA SYSTEM_LOBS
INSERT INTO BLOCKS VALUES(0,2147483647,0)
COMMIT
/*C3*/SET SCHEMA PUBLIC
CREATE TABLE OPENJPA_SEQUENCE_TABLE (ID TINYINT NOT NULL, SEQUENCE_VALUE BIGINT, PRIMARY KEY (ID))
CREATE TABLE PET (id BIGINT NOT NULL, PET_NAME VARCHAR(255), PRIMARY KEY (id))
CREATE TABLE PetCard (id BIGINT NOT NULL, creationTime TIMESTAMP, description VARCHAR(255), price NUMERIC, PET_ID BIGINT, PETSELLER_ID BIGINT, PRIMARY KEY (id))
CREATE TABLE PetSeller (id BIGINT NOT NULL, name VARCHAR(255), PRIMARY KEY (id))
CREATE INDEX I_PETCARD_PET ON PetCard (PET_ID)
CREATE INDEX I_PETCARD_PETSELLER ON PetCard (PETSELLER_ID)
INSERT INTO OPENJPA_SEQUENCE_TABLE VALUES(0,1)
COMMIT
DELETE FROM OPENJPA_SEQUENCE_TABLE WHERE ID=0
INSERT INTO OPENJPA_SEQUENCE_TABLE VALUES(0,51)
COMMIT
/*C2*/SET SCHEMA PUBLIC
INSERT INTO PET VALUES(1,'yolo')
COMMIT
INSERT INTO PET VALUES(2,'yolo2')
COMMIT
INSERT INTO PET VALUES(3,'yolo3')
COMMIT
INSERT INTO PET VALUES(4,'lel')
COMMIT
DISCONNECT
/*C4*/SET SCHEMA PUBLIC
DISCONNECT
/*C3*/DISCONNECT
